<?xml version="1.0" encoding="UTF-8"?>
<!DOCTYPE plist PUBLIC "-//Apple//DTD PLIST 1.0//EN" "http://www.apple.com/DTDs/PropertyList-1.0.dtd">
<plist version="1.0">
<dict>
	<key>_reportPID</key>
	<integer>66708</integer>
	<key>_reportProcessName</key>
	<string>searchd</string>
	<key>_reportTime</key>
	<string>2026-06-24-14-44-38</string>
	<key>age_corespotlight_index</key>
	<integer>127054740</integer>
	<key>age_heartbeat</key>
	<integer>2632312</integer>
	<key>config_global</key>
	<integer>0</integer>
	<key>config_locale</key>
	<string>en_US</string>
	<key>config_ota_version</key>
	<string>155</string>
	<key>data_collection_error</key>
	<integer>0</integer>
	<key>index_a_age</key>
	<integer>36544971</integer>
	<key>index_a_config</key>
	<integer>0</integer>
	<key>index_a_count_add_journaled</key>
	<integer>3</integer>
	<key>index_a_count_add_processed</key>
	<integer>3</integer>
	<key>index_a_count_add_request</key>
	<integer>3</integer>
	<key>index_a_count_delete_journaled</key>
	<integer>6</integer>
	<key>index_a_count_delete_processed</key>
	<integer>3</integer>
	<key>index_a_count_delete_request</key>
	<integer>0</integer>
	<key>index_a_count_drop</key>
	<integer>0</integer>
	<key>index_a_count_open_clean</key>
	<integer>0</integer>
	<key>index_a_count_open_dirty</key>
	<integer>0</integer>
	<key>index_a_count_update_journaled</key>
	<integer>0</integer>
	<key>index_a_count_update_processed</key>
	<integer>0</integer>
	<key>index_a_count_update_request</key>
	<integer>0</integer>
	<key>index_a_max_index_gen_merge_level</key>
	<integer>1</integer>
	<key>index_a_max_journal_file_bytes</key>
	<integer>32</integer>
	<key>index_a_num_docids</key>
	<integer>236</integer>
	<key>index_a_num_file</key>
	<integer>94</integer>
	<key>index_a_num_index_gen_compacted</key>
	<integer>1</integer>
	<key>index_a_num_index_gen_non_compacted</key>
	<integer>1</integer>
	<key>index_a_num_index_gen_read_only</key>
	<integer>1</integer>
	<key>index_a_num_index_gen_writeable</key>
	<integer>1</integer>
	<key>index_a_num_journal_file</key>
	<integer>1</integer>
	<key>index_a_num_object_sdb</key>
	<integer>218</integer>
	<key>index_a_sdb_file_size_bytes</key>
	<integer>167936</integer>
	<key>index_a_sdb_shadow_file_size_bytes</key>
	<integer>167936</integer>
	<key>index_a_size_bytes</key>
	<integer>1591017</integer>
	<key>index_a_time_since_last_open_clean</key>
	<integer>695053</integer>
	<key>index_a_time_since_last_open_dirty</key>
	<integer>204779</integer>
	<key>index_a_time_since_merge_vacuum_end</key>
	<integer>43110</integer>
	<key>index_a_time_since_merge_vacuum_start</key>
	<integer>43110</integer>
	<key>index_a_time_since_sync_end</key>
	<integer>1017</integer>
	<key>index_a_time_since_sync_start</key>
	<integer>1017</integer>
	<key>index_b_age</key>
	<integer>127054740</integer>
	<key>index_b_config</key>
	<integer>0</integer>
	<key>index_b_count_add_journaled</key>
	<integer>0</integer>
	<key>index_b_count_add_processed</key>
	<integer>0</integer>
	<key>index_b_count_add_request</key>
	<integer>0</integer>
	<key>index_b_count_delete_journaled</key>
	<integer>0</integer>
	<key>index_b_count_delete_processed</key>
	<integer>0</integer>
	<key>index_b_count_delete_request</key>
	<integer>0</integer>
	<key>index_b_count_drop</key>
	<integer>0</integer>
	<key>index_b_count_open_clean</key>
	<integer>0</integer>
	<key>index_b_count_open_dirty</key>
	<integer>0</integer>
	<key>index_b_count_update_journaled</key>
	<integer>0</integer>
	<key>index_b_count_update_processed</key>
	<integer>0</integer>
	<key>index_b_count_update_request</key>
	<integer>0</integer>
	<key>index_b_max_index_gen_merge_level</key>
	<integer>1</integer>
	<key>index_b_max_journal_file_bytes</key>
	<integer>818</integer>
	<key>index_b_num_docids</key>
	<integer>3</integer>
	<key>index_b_num_file</key>
	<integer>67</integer>
	<key>index_b_num_index_gen_compacted</key>
	<integer>1</integer>
	<key>index_b_num_index_gen_non_compacted</key>
	<integer>1</integer>
	<key>index_b_num_index_gen_read_only</key>
	<integer>1</integer>
	<key>index_b_num_index_gen_writeable</key>
	<integer>1</integer>
	<key>index_b_num_journal_file</key>
	<integer>2</integer>
	<key>index_b_num_object_sdb</key>
	<integer>3</integer>
	<key>index_b_sdb_file_size_bytes</key>
	<integer>36864</integer>
	<key>index_b_sdb_shadow_file_size_bytes</key>
	<integer>36864</integer>
	<key>index_b_size_bytes</key>
	<integer>672509</integer>
	<key>index_b_time_since_last_open_dirty</key>
	<integer>204779</integer>
	<key>index_b_time_since_merge_vacuum_end</key>
	<integer>415061</integer>
	<key>index_b_time_since_merge_vacuum_start</key>
	<integer>415064</integer>
	<key>index_b_time_since_sync_end</key>
	<integer>58761</integer>
	<key>index_b_time_since_sync_start</key>
	<integer>58761</integer>
	<key>index_c_age</key>
	<integer>48615010</integer>
	<key>index_c_config</key>
	<integer>0</integer>
	<key>index_c_count_add_journaled</key>
	<integer>4</integer>
	<key>index_c_count_add_processed</key>
	<integer>4</integer>
	<key>index_c_count_add_request</key>
	<integer>4</integer>
	<key>index_c_count_delete_journaled</key>
	<integer>196</integer>
	<key>index_c_count_delete_processed</key>
	<integer>1</integer>
	<key>index_c_count_delete_request</key>
	<integer>195</integer>
	<key>index_c_count_drop</key>
	<integer>0</integer>
	<key>index_c_count_open_clean</key>
	<integer>0</integer>
	<key>index_c_count_open_dirty</key>
	<integer>0</integer>
	<key>index_c_count_update_journaled</key>
	<integer>14</integer>
	<key>index_c_count_update_processed</key>
	<integer>37</integer>
	<key>index_c_count_update_request</key>
	<integer>0</integer>
	<key>index_c_max_index_gen_merge_level</key>
	<integer>1</integer>
	<key>index_c_max_journal_file_bytes</key>
	<integer>220</integer>
	<key>index_c_num_docids</key>
	<integer>26810</integer>
	<key>index_c_num_file</key>
	<integer>95</integer>
	<key>index_c_num_index_gen_compacted</key>
	<integer>1</integer>
	<key>index_c_num_index_gen_non_compacted</key>
	<integer>1</integer>
	<key>index_c_num_index_gen_read_only</key>
	<integer>1</integer>
	<key>index_c_num_index_gen_writeable</key>
	<integer>1</integer>
	<key>index_c_num_journal_file</key>
	<integer>3</integer>
	<key>index_c_num_object_sdb</key>
	<integer>26625</integer>
	<key>index_c_sdb_file_size_bytes</key>
	<integer>16142336</integer>
	<key>index_c_sdb_shadow_file_size_bytes</key>
	<integer>16142336</integer>
	<key>index_c_size_bytes</key>
	<integer>97310440</integer>
	<key>index_c_time_since_defrag_end</key>
	<integer>1186657</integer>
	<key>index_c_time_since_defrag_start</key>
	<integer>1186658</integer>
	<key>index_c_time_since_last_open_clean</key>
	<integer>1352496</integer>
	<key>index_c_time_since_last_open_dirty</key>
	<integer>204779</integer>
	<key>index_c_time_since_merge_vacuum_end</key>
	<integer>25797</integer>
	<key>index_c_time_since_merge_vacuum_start</key>
	<integer>25812</integer>
	<key>index_c_time_since_sync_end</key>
	<integer>463</integer>
	<key>index_c_time_since_sync_start</key>
	<integer>463</integer>
	<key>index_cx_age</key>
	<integer>44516387</integer>
	<key>index_cx_config</key>
	<integer>0</integer>
	<key>index_cx_count_add_journaled</key>
	<integer>0</integer>
	<key>index_cx_count_add_processed</key>
	<integer>0</integer>
	<key>index_cx_count_add_request</key>
	<integer>0</integer>
	<key>index_cx_count_delete_journaled</key>
	<integer>0</integer>
	<key>index_cx_count_delete_processed</key>
	<integer>0</integer>
	<key>index_cx_count_delete_request</key>
	<integer>0</integer>
	<key>index_cx_count_drop</key>
	<integer>0</integer>
	<key>index_cx_count_open_clean</key>
	<integer>0</integer>
	<key>index_cx_count_open_dirty</key>
	<integer>0</integer>
	<key>index_cx_count_update_journaled</key>
	<integer>0</integer>
	<key>index_cx_count_update_processed</key>
	<integer>0</integer>
	<key>index_cx_count_update_request</key>
	<integer>0</integer>
	<key>index_cx_max_index_gen_merge_level</key>
	<integer>1</integer>
	<key>index_cx_max_journal_file_bytes</key>
	<integer>202</integer>
	<key>index_cx_num_docids</key>
	<integer>2</integer>
	<key>index_cx_num_file</key>
	<integer>93</integer>
	<key>index_cx_num_index_gen_compacted</key>
	<integer>1</integer>
	<key>index_cx_num_index_gen_non_compacted</key>
	<integer>1</integer>
	<key>index_cx_num_index_gen_read_only</key>
	<integer>1</integer>
	<key>index_cx_num_index_gen_writeable</key>
	<integer>1</integer>
	<key>index_cx_num_journal_file</key>
	<integer>3</integer>
	<key>index_cx_num_object_sdb</key>
	<integer>18</integer>
	<key>index_cx_sdb_file_size_bytes</key>
	<integer>36864</integer>
	<key>index_cx_sdb_shadow_file_size_bytes</key>
	<integer>36864</integer>
	<key>index_cx_size_bytes</key>
	<integer>1033134</integer>
	<key>index_cx_time_since_defrag_end</key>
	<integer>1186658</integer>
	<key>index_cx_time_since_defrag_start</key>
	<integer>1186658</integer>
	<key>index_cx_time_since_last_open_clean</key>
	<integer>204779</integer>
	<key>index_cx_time_since_merge_vacuum_end</key>
	<integer>25866</integer>
	<key>index_cx_time_since_merge_vacuum_start</key>
	<integer>25867</integer>
	<key>index_cx_time_since_sync_end</key>
	<integer>25866</integer>
	<key>index_cx_time_since_sync_start</key>
	<integer>25866</integer>
	<key>index_mail_age</key>
	<integer>48612229</integer>
	<key>index_mail_config</key>
	<integer>0</integer>
	<key>index_mail_count_add_journaled</key>
	<integer>0</integer>
	<key>index_mail_count_add_processed</key>
	<integer>0</integer>
	<key>index_mail_count_add_request</key>
	<integer>0</integer>
	<key>index_mail_count_delete_journaled</key>
	<integer>0</integer>
	<key>index_mail_count_delete_processed</key>
	<integer>0</integer>
	<key>index_mail_count_delete_request</key>
	<integer>0</integer>
	<key>index_mail_count_drop</key>
	<integer>0</integer>
	<key>index_mail_count_open_clean</key>
	<integer>0</integer>
	<key>index_mail_count_open_dirty</key>
	<integer>0</integer>
	<key>index_mail_count_update_journaled</key>
	<integer>3</integer>
	<key>index_mail_count_update_processed</key>
	<integer>3</integer>
	<key>index_mail_count_update_request</key>
	<integer>0</integer>
	<key>index_mail_max_index_gen_merge_level</key>
	<integer>1</integer>
	<key>index_mail_max_journal_file_bytes</key>
	<integer>394487</integer>
	<key>index_mail_num_docids</key>
	<integer>10312</integer>
	<key>index_mail_num_file</key>
	<integer>106</integer>
	<key>index_mail_num_index_gen_compacted</key>
	<integer>1</integer>
	<key>index_mail_num_index_gen_non_compacted</key>
	<integer>1</integer>
	<key>index_mail_num_index_gen_read_only</key>
	<integer>1</integer>
	<key>index_mail_num_index_gen_writeable</key>
	<integer>1</integer>
	<key>index_mail_num_journal_file</key>
	<integer>3</integer>
	<key>index_mail_num_object_sdb</key>
	<integer>10289</integer>
	<key>index_mail_sdb_file_size_bytes</key>
	<integer>8261632</integer>
	<key>index_mail_sdb_shadow_file_size_bytes</key>
	<integer>8261632</integer>
	<key>index_mail_size_bytes</key>
	<integer>48930736</integer>
	<key>index_mail_time_since_defrag_end</key>
	<integer>1186657</integer>
	<key>index_mail_time_since_defrag_start</key>
	<integer>1186658</integer>
	<key>index_mail_time_since_last_open_dirty</key>
	<integer>204779</integer>
	<key>index_mail_time_since_merge_vacuum_end</key>
	<integer>25811</integer>
	<key>index_mail_time_since_merge_vacuum_start</key>
	<integer>25816</integer>
	<key>index_mail_time_since_sync_end</key>
	<integer>25796</integer>
	<key>index_mail_time_since_sync_start</key>
	<integer>25797</integer>
	<key>index_priority_age</key>
	<integer>48615035</integer>
	<key>index_priority_config</key>
	<integer>0</integer>
	<key>index_priority_count_add_journaled</key>
	<integer>9</integer>
	<key>index_priority_count_add_processed</key>
	<integer>9</integer>
	<key>index_priority_count_add_request</key>
	<integer>9</integer>
	<key>index_priority_count_delete_journaled</key>
	<integer>2</integer>
	<key>index_priority_count_delete_processed</key>
	<integer>0</integer>
	<key>index_priority_count_delete_request</key>
	<integer>2</integer>
	<key>index_priority_count_drop</key>
	<integer>0</integer>
	<key>index_priority_count_open_clean</key>
	<integer>0</integer>
	<key>index_priority_count_open_dirty</key>
	<integer>0</integer>
	<key>index_priority_count_update_journaled</key>
	<integer>39</integer>
	<key>index_priority_count_update_processed</key>
	<integer>39</integer>
	<key>index_priority_count_update_request</key>
	<integer>38</integer>
	<key>index_priority_max_index_gen_merge_level</key>
	<integer>1</integer>
	<key>index_priority_max_journal_file_bytes</key>
	<integer>32</integer>
	<key>index_priority_num_docids</key>
	<integer>3319</integer>
	<key>index_priority_num_file</key>
	<integer>93</integer>
	<key>index_priority_num_index_gen_compacted</key>
	<integer>1</integer>
	<key>index_priority_num_index_gen_non_compacted</key>
	<integer>1</integer>
	<key>index_priority_num_index_gen_read_only</key>
	<integer>1</integer>
	<key>index_priority_num_index_gen_writeable</key>
	<integer>1</integer>
	<key>index_priority_num_journal_file</key>
	<integer>1</integer>
	<key>index_priority_num_object_sdb</key>
	<integer>2974</integer>
	<key>index_priority_sdb_file_size_bytes</key>
	<integer>2281472</integer>
	<key>index_priority_sdb_shadow_file_size_bytes</key>
	<integer>2281472</integer>
	<key>index_priority_size_bytes</key>
	<integer>9586136</integer>
	<key>index_priority_time_since_defrag_end</key>
	<integer>1186657</integer>
	<key>index_priority_time_since_defrag_start</key>
	<integer>1186658</integer>
	<key>index_priority_time_since_last_open_clean</key>
	<integer>204779</integer>
	<key>index_priority_time_since_last_open_dirty</key>
	<integer>2632311</integer>
	<key>index_priority_time_since_merge_vacuum_end</key>
	<integer>25835</integer>
	<key>index_priority_time_since_merge_vacuum_start</key>
	<integer>25839</integer>
	<key>index_priority_time_since_sync_end</key>
	<integer>35</integer>
	<key>index_priority_time_since_sync_start</key>
	<integer>35</integer>
	<key>system_fs_free_space_bytes</key>
	<integer>29026377728</integer>
	<key>system_fs_mount_flags</key>
	<integer>343969944</integer>
	<key>system_fs_total_space_bytes</key>
	<integer>127877271552</integer>
	<key>system_fs_type</key>
	<string>apfs</string>
	<key>system_total_ram_gb</key>
	<integer>6</integer>
	<key>system_volume_flags</key>
	<integer>18296925792237518977</integer>
	<key>time_since_last_heartbeat</key>
	<integer>5804</integer>
	<key>time_since_launch_1</key>
	<integer>204780</integer>
	<key>time_since_launch_2</key>
	<integer>695053</integer>
	<key>time_since_launch_3</key>
	<integer>1352497</integer>
	<key>time_since_software_update</key>
	<integer>4219135</integer>
	<key>version_build</key>
	<string>23F77</string>
	<key>version_build_previous</key>
	<string>23E261</string>
	<key>version_spotlight</key>
	<string>2418.5.9.101</string>
	<key>version_spotlight_previous</key>
	<string>2418.4.13.104</string>
	<key>version_train_previous</key>
	<string>23E261</string>
</dict>
</plist>
